---------------------------------------
------------TOP TRUMPS LOG-------------
---------------------------------------

------------DECK LOG-------------------
Complete deck: {0=350r, 1=Avenger, 2=Carrack, 3=Constellation, 4=Hawk, 5=Hornet, 6=Hurricane, 7=Idris, 8=m50, 9=Merchantman, 10=Orion, 11=Sabre, 12=Vanguard, 13=350r, 14=Avenger, 15=Carrack, 16=Constellation, 17=Hawk, 18=Hornet, 19=Hurricane, 20=Idris, 21=m50, 22=Merchantman, 23=Orion, 24=Sabre, 25=Vanguard, 26=350r, 27=Avenger, 28=Carrack, 29=Constellation, 30=Hawk, 31=Hornet, 32=Hurricane, 33=Idris, 34=m50, 35=Merchantman, 36=Orion, 37=Sabre, 38=Vanguard, 39=Avenger}
---------------------------------------
Shuffled deck: [31, 15, 17, 12, 29, 16, 4, 14, 5, 10, 8, 25, 20, 23, 35, 34, 36, 22, 6, 32, 19, 30, 11, 18, 1, 39, 28, 7, 0, 26, 27, 21, 24, 38, 3, 33, 13, 37, 9, 2]
---------------------------------------

-----PLAYERS DECKS---------------------
You: [31, 16, 8, 34, 19, 39, 27, 33]
---------------------------------------
AIPlayer1: [15, 4, 25, 36, 30, 28, 21, 13]
---------------------------------------
AIPlayer2: [17, 14, 20, 22, 11, 7, 24, 37]
---------------------------------------
AIPlayer3: [12, 5, 23, 6, 18, 0, 38, 9]
---------------------------------------
AIPlayer4: [29, 10, 35, 32, 1, 26, 3, 2]
---------------------------------------

---------ACTIVE CARDS------------------
You: Hornet 2 3 4 1
---------------------------------------
AIPlayer1: Carrack 6 10 4 6
---------------------------------------
AIPlayer2: Hawk 1 2 4 0
---------------------------------------
AIPlayer3: Vanguard 3 5 5 2
---------------------------------------
AIPlayer4: Constellation 4 7 3 4
---------------------------------------

-------------COMMON DECK---------------
Common deck: [31, 15, 17, 12, 29]
---------------------------------------

-----PLAYERS DECKS---------------------
You: [16, 8, 34, 19, 39, 27, 33]
---------------------------------------
AIPlayer1: [4, 25, 36, 30, 28, 21, 13]
---------------------------------------
AIPlayer2: [14, 20, 22, 11, 7, 24, 37]
---------------------------------------
AIPlayer3: [5, 23, 6, 18, 0, 38, 9]
---------------------------------------
AIPlayer4: [10, 35, 32, 1, 26, 3, 2]
---------------------------------------

---------ACTIVE CARDS------------------
You: Constellation 4 7 3 4
---------------------------------------
AIPlayer1: Hawk 1 2 4 0
---------------------------------------
AIPlayer2: Avenger 2 4 3 2
---------------------------------------
AIPlayer3: Hornet 2 3 4 1
---------------------------------------
AIPlayer4: Orion 10 6 2 9
---------------------------------------

-------------COMMON DECK---------------
Common deck: [31, 15, 17, 12, 29, 16, 4, 14, 5, 10]
---------------------------------------

-----PLAYERS DECKS---------------------
You: [8, 34, 19, 39, 27, 33]
---------------------------------------
AIPlayer1: [25, 36, 30, 28, 21, 13]
---------------------------------------
AIPlayer2: [20, 22, 11, 7, 24, 37]
---------------------------------------
AIPlayer3: [23, 6, 18, 0, 38, 9]
---------------------------------------
AIPlayer4: [35, 32, 1, 26, 3, 2]
---------------------------------------

---------ACTIVE CARDS------------------
You: m50 1 2 2 0
---------------------------------------
AIPlayer1: Vanguard 3 5 5 2
---------------------------------------
AIPlayer2: Idris 8 7 10 6
---------------------------------------
AIPlayer3: Orion 10 6 2 9
---------------------------------------
AIPlayer4: Merchantman 7 5 6 8
---------------------------------------

-------------COMMON DECK---------------
Common deck: [31, 15, 17, 12, 29, 16, 4, 14, 5, 10, 8, 25, 20, 23, 35]
---------------------------------------

-----PLAYERS DECKS---------------------
You: [34, 19, 39, 27, 33]
---------------------------------------
AIPlayer1: [36, 30, 28, 21, 13]
---------------------------------------
AIPlayer2: [22, 11, 7, 24, 37, 31, 15, 17, 12, 29, 16, 4, 14, 5, 10, 8, 25, 20, 23, 35]
---------------------------------------
AIPlayer3: [6, 18, 0, 38, 9]
---------------------------------------
AIPlayer4: [32, 1, 26, 3, 2]
---------------------------------------

---------ACTIVE CARDS------------------
You: m50 1 2 2 0
---------------------------------------
AIPlayer1: Orion 10 6 2 9
---------------------------------------
AIPlayer2: Merchantman 7 5 6 8
---------------------------------------
AIPlayer3: Hurricane 2 3 5 0
---------------------------------------
AIPlayer4: Hurricane 2 3 5 0
---------------------------------------

-------------COMMON DECK---------------
Common deck: [34, 36, 22, 6, 32]
---------------------------------------

-----PLAYERS DECKS---------------------
You: [19, 39, 27, 33, 34, 36, 22, 6, 32]
---------------------------------------
AIPlayer1: [30, 28, 21, 13]
---------------------------------------
AIPlayer2: [11, 7, 24, 37, 31, 15, 17, 12, 29, 16, 4, 14, 5, 10, 8, 25, 20, 23, 35]
---------------------------------------
AIPlayer3: [18, 0, 38, 9]
---------------------------------------
AIPlayer4: [1, 26, 3, 2]
---------------------------------------

---------ACTIVE CARDS------------------
You: Hurricane 2 3 5 0
---------------------------------------
AIPlayer1: Hawk 1 2 4 0
---------------------------------------
AIPlayer2: Sabre 2 2 5 0
---------------------------------------
AIPlayer3: Hornet 2 3 4 1
---------------------------------------
AIPlayer4: Avenger 2 4 3 2
---------------------------------------

-------------COMMON DECK---------------
Common deck: [19, 30, 11, 18, 1]
---------------------------------------

-----PLAYERS DECKS---------------------
You: [39, 27, 33, 34, 36, 22, 6, 32, 19, 30, 11, 18, 1]
---------------------------------------
AIPlayer1: [28, 21, 13]
---------------------------------------
AIPlayer2: [7, 24, 37, 31, 15, 17, 12, 29, 16, 4, 14, 5, 10, 8, 25, 20, 23, 35]
---------------------------------------
AIPlayer3: [0, 38, 9]
---------------------------------------
AIPlayer4: [26, 3, 2]
---------------------------------------

---------ACTIVE CARDS------------------
You: Avenger 2 4 3 2
---------------------------------------
AIPlayer1: Carrack 6 10 4 6
---------------------------------------
AIPlayer2: Idris 8 7 10 6
---------------------------------------
AIPlayer3: 350r 1 2 3 0
---------------------------------------
AIPlayer4: 350r 1 2 3 0
---------------------------------------

-------------COMMON DECK---------------
Common deck: [39, 28, 7, 0, 26]
---------------------------------------

-----PLAYERS DECKS---------------------
You: [27, 33, 34, 36, 22, 6, 32, 19, 30, 11, 18, 1]
---------------------------------------
AIPlayer1: [21, 13]
---------------------------------------
AIPlayer2: [24, 37, 31, 15, 17, 12, 29, 16, 4, 14, 5, 10, 8, 25, 20, 23, 35]
---------------------------------------
AIPlayer3: [38, 9, 39, 28, 7, 0, 26]
---------------------------------------
AIPlayer4: [3, 2]
---------------------------------------

---------ACTIVE CARDS------------------
You: Avenger 2 4 3 2
---------------------------------------
AIPlayer1: m50 1 2 2 0
---------------------------------------
AIPlayer2: Sabre 2 2 5 0
---------------------------------------
AIPlayer3: Vanguard 3 5 5 2
---------------------------------------
AIPlayer4: Constellation 4 7 3 4
---------------------------------------

-------------COMMON DECK---------------
Common deck: [27, 21, 24, 38, 3]
---------------------------------------

-----PLAYERS DECKS---------------------
You: [33, 34, 36, 22, 6, 32, 19, 30, 11, 18, 1]
---------------------------------------
AIPlayer1: [13]
---------------------------------------
AIPlayer2: [37, 31, 15, 17, 12, 29, 16, 4, 14, 5, 10, 8, 25, 20, 23, 35]
---------------------------------------
AIPlayer3: [9, 39, 28, 7, 0, 26]
---------------------------------------
AIPlayer4: [2]
---------------------------------------

---------ACTIVE CARDS------------------
You: Idris 8 7 10 6
---------------------------------------
AIPlayer1: 350r 1 2 3 0
---------------------------------------
AIPlayer2: Sabre 2 2 5 0
---------------------------------------
AIPlayer3: Merchantman 7 5 6 8
---------------------------------------
AIPlayer4: Carrack 6 10 4 6
---------------------------------------

-------------COMMON DECK---------------
Common deck: [27, 21, 24, 38, 3, 33, 13, 37, 9, 2]
---------------------------------------
